84 2001 2470 1016 30759 72237 28663 38278 14666 6936 47300 33997 8607 19712 3297
69 1854 1642 704 42695 54118 24968 19995 12464 8390 33682 19585 6672 10859 1955
21 1474 106 104 24017 8615 44041 173 3153 9811 8517 480 3021 535 142
24 1613 143 133 25542 11290 45956 291 3940 10327 10709 771 3610 731 231
58 1847 1121 532 38574 43360 32857 10985 9400 9080 31041 11303 6039 7215 1353
69 1880 1696 650 40151 57208 28711 22216 11582 8684 34386 18486 6541 10012 1680
95 1973 3444 1021 35609 87298 22156 69382 19541 7394 42342 45877 8370 20392 2764
90 1936 3109 896 39596 82225 22165 60202 17856 8070 38861 37943 7753 17100 2235
30 2000 227 208 25044 17207 58198 578 6385 10488 16219 1581 5902 1460 441
77 1868 2174 752 42773 63024 23100 33556 14884 8366 34990 24723 7093 12936 1935
94 1935 3490 881 41508 88737 20145 74140 19628 8182 37160 40943 7401 16774 2187
63 1960 1368 585 38165 51126 34012 15233 11965 9360 33444 14598 6510 8553 1327
89 1924 3092 824 43500 79678 19485 61481 20048 8426 34914 34435 7312 15691 1957
73 1982 1958 670 39924 64733 29821 28483 14224 8816 35169 21475 7177 10619 1619
54 1825 982 449 41182 38840 32199 9194 9821 9456 27037 8882 5603 5718 1010
8 641 16 12 13000 1467 20225 8 590 5778 1064 28 388 16 4
93 1906 3378 900 40181 85655 20544 69868 17982 8147 38991 40050 7371 17694 2154
57 1903 1061 535 37358 43094 35575 9778 9461 9033 31524 10990 6514 7041 1451
11 868 29 26 16472 2524 28319 25 998 6884 2362 63 899 60 17
24 1649 137 139 25102 10817 48260 245 3850 9956 11230 758 4090 763 258
60 2009 1155 615 34781 47084 38692 10654 10539 8774 35661 13210 7354 8608 1748
80 1879 2446 714 43938 70001 22598 42145 15586 8672 33946 26019 6661 12315 1681
58 1949 1081 572 37780 44141 35519 9676 10260 8903 32558 11927 6937 7654 1599
31 2019 248 217 25319 18744 57300 659 6695 10540 16582 1812 5927 1591 433
74 1942 1966 735 39988 63136 27892 27571 14019 8509 35732 23561 7430 11717 1975
81 1985 2406 834 37311 72618 27607 38681 15215 8009 40016 29647 7868 14737 2255
54 1881 925 506 37596 39866 34987 7521 8662 9051 29859 9560 6322 6417 1306
23 1594 137 116 25298 10969 46477 297 4027 10298 9327 677 3359 632 165
23 1637 137 116 24518 10972 48798 289 4279 10748 9408 696 3538 618 168
87 1917 2792 949 38360 73900 21960 49656 16924 7354 40936 34885 8089 18582 2872
106 1892 4360 1205 34447 93362 16558 101994 22750 6393 42264 60176 8767 27106 3644
28 1848 184 194 25390 14124 53104 366 4968 10083 15126 1193 5355 1300 417
18 1359 80 73 22284 6710 42520 119 2689 10140 6151 312 2432 299 86
85 1929 2656 914 36116 75291 25809 45300 14329 7521 42377 33832 7855 16884 2754
93 1941 3315 963 37836 83821 21058 66789 19002 7696 40827 40882 7960 19534 2561
34 2111 300 261 25690 21763 57782 904 7448 9997 19346 2401 6829 2086 593
109 1920 4809 1077 37893 105869 16545 123381 22763 7397 39773 60705 8096 23010 2838
59 1759 1261 450 43279 44861 27784 14652 10326 9534 26267 10947 5121 6027 883
99 1919 3790 1061 36138 91437 20312 81710 18906 7167 42171 50479 8321 21542 3118
30 1956 227 208 25973 17005 54649 578 6064 10368 15837 1568 5877 1486 428
72 1888 1926 630 43627 61724 25949 28026 13825 8985 31862 20535 6406 9672 1407
92 1949 3073 1113 30274 81183 25672 55459 15318 6426 48256 43824 8642 22545 3752
73 1910 1931 697 42349 60028 25333 27923 14310 8400 34870 20913 7001 11506 1854
26 1784 166 159 24854 13094 53123 331 4824 10542 12640 1010 4609 971 288
62 1814 1387 504 43653 48234 27717 16808 11372 9170 28770 12816 5453 7164 1032
79 1900 2380 701 42777 69698 24200 40087 15409 8906 34254 25611 6715 11777 1604
13 1006 44 34 18619 3813 32000 47 1468 7938 3013 132 1155 79 28
70 2000 1672 743 34552 59553 34148 20242 11839 8234 39369 20591 7700 11788 2119
95 1932 3622 843 42984 91986 19661 80010 19641 8258 35706 40379 7317 16058 1968
103 1916 4246 1007 39101 98587 18043 101104 20819 7649 39365 52403 7921 20728 2616
20 1418 91 99 23248 7550 43084 115 2593 9192 8372 417 2917 459 149
22 1510 128 103 25221 10214 43284 253 3606 10222 8262 646 3011 509 132
107 1896 4383 1288 29647 96594 19050 100900 19538 5814 47446 64158 8930 29199 4228
72 1892 1846 710 42161 57305 25127 25269 14253 8617 34663 20821 6929 11771 1779
17 1261 65 71 21582 5539 38995 80 2074 9146 6005 240 2242 255 105
90 1909 3088 917 39503 80270 21720 59180 17455 7886 39073 38291 7824 17622 2387
52 1750 937 389 41902 37508 31121 8740 9052 9720 23604 8035 5017 4560 765
17 1110 74 62 22997 5803 29071 105 1869 8350 4937 268 1641 259 48
23 1591 120 133 24777 9517 45784 188 3448 10103 10863 635 3863 686 262
77 1905 2235 691 44624 67222 23382 35804 15796 8778 32784 24424 6591 11365 1557
26 1799 172 153 25195 13579 53422 368 5181 10814 12110 1054 4462 916 262
62 1811 1414 477 43582 49884 28151 17547 11269 9502 27003 12868 5523 6463 942
60 1884 1228 542 41932 46004 29891 12821 11288 9263 29820 12655 6378 7451 1293
79 1952 2246 835 38495 67826 26366 34106 14861 7963 39650 28022 7529 14580 2371
82 1868 2592 729 43049 72487 22814 46441 15304 8628 34553 27693 6830 12651 1775
78 1924 2259 744 42693 66069 23659 35891 16431 8506 34763 25639 7227 12733 1813
92 1967 3294 892 40721 86142 21067 66553 19803 8072 37715 39908 7767 16985 2134
93 1922 3382 896 39542 85166 20702 70945 18546 7950 39158 38349 7704 18229 2243
35 2108 319 276 26113 22668 55880 982 7647 9899 19950 2648 6880 2285 630
59 1875 1181 530 40404 44968 32166 12027 10520 9134 30192 12057 6275 7122 1303
34 2036 288 273 26518 20398 52770 791 6937 10024 19720 2307 6598 2229 657
25 1685 166 134 25341 12941 48809 369 4687 10308 10663 972 3731 767 192
35 2060 342 253 27327 23923 53696 1268 7753 10619 18425 2713 6093 2056 508
46 1989 620 415 31969 33721 45657 3467 7890 9603 26986 6237 6509 4405 1071
88 1938 2866 962 36440 77104 23402 51518 16303 7289 42774 36475 8061 18972 2771
31 1937 222 243 26188 16577 52996 471 5528 9690 18237 1616 6120 1793 615
23 1637 123 130 24456 9929 48786 207 3675 10115 10629 641 4053 680 243
75 1867 2150 625 45224 63931 23366 34706 15232 9103 31079 21410 6342 10012 1397
91 1933 3252 843 39861 86183 22762 66744 16989 8164 38583 36612 7613 15972 2157
54 1793 966 465 41396 37952 30542 8699 9219 9282 27425 9141 5607 5853 1111
58 1893 1090 563 38492 43550 32900 9865 9618 8911 31739 12039 6688 7367 1585
65 1856 1460 620 42030 49148 27003 17308 12156 9011 32460 15235 6432 9586 1551
76 1918 2112 738 40192 65721 26806 31665 13672 8526 36241 24605 7272 12083 1947
74 1956 1908 793 38180 60396 27961 25695 14026 7957 38728 23523 7806 13245 2361
74 2025 1849 852 33674 62331 32063 23115 13242 7546 42368 24701 8321 14381 2627
66 1866 1595 550 39163 57988 31970 20605 10209 9233 30826 16339 6029 7587 1229
29 1701 231 175 27610 16346 44754 667 5162 10137 12996 1544 3981 1148 295
24 1632 136 140 25110 10698 47736 237 3850 9978 11234 767 3952 747 273
12 929 28 38 17562 2495 28927 14 917 7337 3318 73 1286 92 41
25 1567 173 127 27177 12841 41924 425 4358 10391 9721 986 3165 732 157
32 2029 269 227 25774 19675 55893 795 7050 10227 16942 1980 6091 1725 460
30 1872 229 206 26408 16710 52031 618 5448 9808 15736 1554 5473 1450 438
27 1514 187 164 29175 12873 40038 427 3821 9820 12351 1183 3249 1028 287
27 1790 183 168 25889 14112 51337 394 4904 10128 13238 1176 4691 1041 314
29 1903 216 190 25709 16560 54377 531 5776 10466 14802 1467 5185 1305 351
37 2204 353 313 24971 25333 58702 1173 8478 9914 22301 3039 7377 2758 800
26 1783 175 150 25512 13611 51711 419 5073 10669 11940 1029 4439 885 267
34 2064 290 271 26006 20811 55331 829 7040 9835 19827 2310 6697 2173 672
34 2059 299 262 26243 21525 55947 900 7191 10203 19266 2373 6387 2122 589
23 1649 122 131 24148 9964 50845 190 3770 10189 10822 647 3976 698 236
20 1472 92 98 23343 7614 45208 118 2921 9995 8210 429 3151 444 149
28 1811 215 163 26755 15942 49887 605 5692 10765 12559 1368 4506 1039 264
23 1699 133 120 23845 10902 53241 257 4346 10584 10002 693 3891 636 185
27 1807 167 184 25153 12967 53166 305 4651 10324 14525 1049 5094 1162 409
27 1676 198 153 27668 14402 43669 494 4947 10560 11358 1275 3961 918 238
31 1903 262 203 27324 18683 50709 829 6325 10727 15091 1833 5333 1445 388
36 2050 326 304 27052 22348 51633 971 7046 9778 21594 2809 6858 2553 807
36 2121 327 303 25932 22620 55683 1036 7457 9703 21755 2722 7473 2566 816
33 2051 278 250 25980 20133 55592 806 6938 9987 18443 2133 6590 1934 583
14 1053 43 48 19801 3666 31099 39 1395 8386 4149 122 1542 155 48
22 1533 118 113 24613 9586 44647 201 3404 9912 9141 583 3329 591 165
16 1267 62 58 20641 5387 41898 73 2269 9377 4982 229 2049 191 67
20 1397 95 95 23710 7709 41368 150 2651 9189 7880 410 2826 440 140
21 1598 101 109 22979 8523 51330 151 3413 10428 9085 473 3763 520 186
30 1875 236 199 27269 17156 50433 641 5898 10375 14801 1638 5311 1409 372
32 2045 262 234 25486 19079 56995 719 6989 10258 17584 1994 6377 1715 532
22 1464 122 109 25370 9450 40344 219 3330 10029 8538 622 3048 539 160
28 1796 192 186 26677 14252 49456 432 4917 10317 14300 1247 5053 1202 395
31 1854 262 203 27808 18302 48997 792 6145 10604 15012 1912 5008 1398 393
24 1569 156 120 26074 11880 43742 376 4078 10277 9483 815 3284 674 159
27 1719 193 158 27131 14566 46873 497 5110 10802 11804 1171 4052 992 265
23 1595 141 112 25047 10935 47126 298 4163 10425 9039 729 3395 609 135
28 1804 210 168 26571 15688 50968 560 5363 10904 13088 1350 4603 1080 286
32 2091 272 224 24960 20355 60086 811 7591 10647 16882 2012 6201 1703 434
36 2190 326 304 24164 23327 61241 984 7879 9483 22245 2745 7660 2642 769
31 1821 228 237 27762 16066 45842 538 5172 9805 17236 1636 5492 1726 595
31 1854 257 208 27918 18174 47284 755 6031 10416 15042 1828 5171 1532 380
36 2190 337 293 24905 24100 60661 1097 8008 9690 21526 2844 7504 2479 720
26 1715 166 159 26206 12538 48085 337 4556 10521 12257 1015 4484 943 305
15 1168 49 56 20280 4197 37425 45 1691 9037 4891 157 1941 188 65
25 1669 167 133 26159 12896 47588 394 4499 10618 10664 959 3749 741 206
20 1332 89 101 24284 6845 36508 117 2347 9130 8017 396 2876 459 168
24 1598 143 133 25398 11095 45680 276 3904 10073 10487 789 3682 740 219
13 1094 41 37 18289 3709 37390 46 1646 8627 3283 99 1422 115 26
26 1622 171 154 27041 12512 42527 367 4227 10083 11770 1033 3907 937 263
35 2155 307 288 24992 22037 59542 887 7718 9821 21153 2535 7322 2400 723
24 1722 135 141 24216 10867 53087 229 4251 10143 11371 735 4433 813 247
79 1895 2292 789 42011 66821 23238 36067 15162 8214 36273 27412 7196 13459 2141
33 1929 275 253 27559 19398 50541 818 5743 9826 18664 2044 6090 1983 611
29 1914 210 196 25501 15768 54956 480 5855 10483 15056 1454 5529 1322 398
39 2324 395 346 23166 27649 63912 1383 9329 9198 24759 3603 8623 3260 893
53 1712 984 394 42493 38776 29553 9422 8607 9504 23520 8668 4757 4582 754
31 1953 244 221 26439 17939 52786 666 6227 10325 16319 1719 5939 1640 470
32 2040 260 236 25846 19305 56612 706 6770 10382 17907 1959 6244 1764 531
9 807 20 16 14015 1876 28957 14 861 7307 1478 32 690 34 4
20 1486 106 84 23152 8897 46926 186 3544 10126 7007 484 2621 382 88
26 1697 180 145 26189 13830 48662 455 4771 10299 11349 1055 3852 845 245
23 1634 131 122 24449 10588 49274 250 4032 10634 9802 680 3747 641 200
49 1741 784 392 40213 33565 33159 6109 7987 9375 24217 7021 4906 4479 815
24 1559 144 132 26081 11192 42551 296 3696 9887 10231 762 3521 756 210
26 1727 169 156 25785 13039 48202 349 4632 10245 12294 1043 4289 923 285
13 1023 39 39 18285 3394 32876 32 1346 7975 3450 118 1370 97 39
50 1883 757 468 36241 35024 37770 5088 8244 9466 28661 7757 6047 5558 1197
12 895 35 31 17611 3042 27351 33 1133 7273 2627 85 955 81 21
26 1688 172 153 26382 13248 46335 375 4609 10220 11588 1040 4073 923 262
21 1482 116 94 24124 9161 43775 222 3469 9955 7689 534 2926 470 104
27 1738 171 180 26298 12888 47973 311 4537 9905 13850 1102 4688 1138 374
34 2078 280 281 25946 20459 56522 738 6911 9893 20461 2228 6916 2290 728
25 1636 157 143 25989 12022 46594 340 3987 10227 11482 877 3893 837 246
14 1107 42 49 19166 3699 36218 34 1517 8502 4208 120 1725 162 48
16 1244 62 58 20773 5263 39829 79 2181 9368 4931 209 2052 213 59
22 1571 120 111 24193 9728 47705 193 3708 9983 8927 627 3460 567 153
12 970 29 37 17400 2603 31902 14 1035 7606 3283 78 1357 92 36
16 1260 62 58 20487 5345 41519 77 2239 9617 5001 211 2038 215 57
26 1700 171 154 25736 13099 48075 369 4610 10331 12023 1032 4079 933 266
16 1260 63 57 20666 5521 41050 85 2270 9328 5055 207 1892 213 55
14 1037 46 45 19624 4050 31815 42 1405 7883 3981 151 1320 124 47
16 1125 63 57 21490 5126 31931 78 1820 8432 4815 222 1647 204 56
20 1548 107 83 22725 9141 50239 209 3739 10725 7059 455 2867 389 87
6 511 10 5 10193 916 17350 6 400 4328 469 10 185 2 2
15 1181 42 63 19732 3792 39522 27 1483 8585 5616 131 2080 203 94
15 1089 54 51 20819 4455 32154 63 1549 8557 4409 172 1642 169 51
12 876 38 28 17430 3312 26526 43 1138 7417 2484 91 782 69 17
12 999 35 31 17217 3154 33891 37 1364 7878 2773 75 1167 89 19
13 1040 40 38 18233 3533 34426 32 1451 7992 3375 119 1335 106 29
23 1611 136 117 24854 10739 47516 285 4131 10286 9415 694 3513 613 179
19 1362 85 86 23143 6809 39907 125 2600 9623 7067 349 2720 372 123
1 68 0 0 1880 0 1628 0 0 650 0 0 0 0 0
7 632 14 7 11647 1352 23174 9 612 5570 664 18 276 7 1
14 1123 46 45 18916 3975 37338 49 1680 8431 4040 129 1612 147 39
18 1374 72 81 21880 6227 44296 90 2403 9341 7001 281 2662 320 125
25 1346 174 126 29464 11232 35448 492 2909 9126 9956 910 2649 706 192
16 1279 55 65 20628 4825 42398 51 1992 9436 5698 184 2339 249 76
10 823 26 19 15146 2415 28022 25 976 6829 1768 49 636 35 11
9 707 19 17 14077 1671 22688 13 629 6101 1569 31 579 32 8
20 1402 95 95 23750 7731 40812 129 2838 9848 7791 450 2720 423 138
10 864 25 20 15202 2309 30328 20 1046 7153 1855 50 760 40 10
7 655 10 11 11450 935 24613 3 469 5807 1045 11 506 19 2
14 1196 46 45 18687 4134 42215 43 1906 9020 4078 149 1762 125 47
9 774 16 20 14070 1446 26689 5 670 6559 1858 30 774 37 12
20 1528 102 88 22858 8642 49549 176 3447 10024 7552 458 2972 392 114
16 1285 67 53 20602 5988 42830 100 2439 9428 4723 229 1843 180 51
9 761 21 15 14064 1874 26156 16 858 6574 1368 36 565 27 5
5 429 3 7 8574 264 14659 0 115 3802 666 2 278 5 3
11 920 25 30 16353 2222 31131 13 982 7523 2710 58 1152 70 24
6 493 7 8 10202 644 16235 1 272 4254 751 8 263 9 2
12 909 39 27 17858 3345 27468 47 1274 7414 2386 89 860 71 13
3 254 2 1 5592 194 8102 0 76 2568 88 1 37 0 0
9 728 22 14 14297 2040 24055 18 767 6057 1288 37 481 26 3
1 78 0 0 1895 0 2214 0 0 789 0 0 0 0 0
1 78 0 0 1952 0 2168 0 0 835 0 0 0 0 0
0 0 0 0 0 0 0 0 0 0 0 0 0 0 0
97 1945 3982 674 51685 97570 15183 97421 25362 9278 26142 37243 6142 11541 1235
0 0 0 0 0 0 0 0 0 0 0 0 0 0 0
