72 4572 1240 1316 120486 90387 104679 7079 31827 48087 97969 21455 36301 22653 8453
85 4596 1964 1606 126973 121841 87765 17677 40469 46774 107977 38755 37654 32471 9867
97 4625 2666 1990 122574 148382 78371 30383 45631 43169 121744 58356 41306 45409 13292
107 4637 3446 2225 115542 177439 75706 50168 48055 40683 131759 78320 43107 54686 15311
117 4667 4193 2593 106411 196417 69449 68756 55949 37212 139901 103232 46578 69463 18679
94 5023 2275 2096 99263 140998 102409 19583 48004 39600 133845 51566 48144 47419 15476
136 4473 5969 3211 92556 234166 54345 127679 61808 31456 149313 159134 48380 98541 24686
123 4650 4918 2585 113001 216927 61263 95387 63211 38490 131889 118932 46031 71053 17249
107 4656 3535 2136 122162 178146 71372 53760 53804 42980 123662 78644 42060 52607 13474
96 4567 2910 1650 137819 157001 71710 41387 51308 48214 101720 56455 36264 36469 8569
122 4638 4956 2425 122110 219071 57894 98837 65784 41424 123723 116433 43418 65343 14627
103 4722 3222 2031 119741 172127 78662 45082 51495 43990 122263 71017 42132 48142 12610
139 4252 5637 3954 63507 211195 55216 99471 52841 21047 171299 172674 49300 128508 37336
110 4699 3781 2214 120090 188513 71012 60346 55828 41874 124972 86134 43525 55042 14298
122 4600 4826 2555 112077 215333 63085 93151 58345 38949 134539 114711 45019 70245 17133
127 4642 5296 2705 109355 226099 59044 108290 65676 37411 134425 130312 46508 76506 18267
96 4663 2751 1809 126536 153934 80407 34584 48164 45784 113391 57312 39666 40218 10766
90 4668 2174 1831 121052 130183 87099 20270 42894 44191 118003 45495 40739 39512 12203
113 4606 4066 2262 125847 190783 61993 69629 59315 41812 121441 92448 42509 57543 14516
111 4619 4153 1952 134968 201254 62949 78150 59491 45683 110784 85265 38535 47697 10703
130 4505 5206 3179 90080 216571 60280 96047 57118 31174 153370 141792 48484 94643 25278
89 4708 2073 1843 118152 126858 90771 17945 41936 43631 120398 43676 41588 39164 12779
135 4383 5571 3474 79691 220252 58225 106676 53200 27233 162606 156527 49032 107861 29931
106 4707 3445 2120 118807 179293 76258 50671 52480 42894 125340 77385 42321 51497 13367
96 4768 2715 1845 122092 154440 84604 32673 50193 45738 114812 57902 41661 41387 10918
112 4715 3767 2449 105473 191031 78051 56484 49907 37965 139994 91379 46263 62160 17897
102 4597 3076 2075 122233 162498 74561 40766 47493 42648 123487 67925 41663 49452 13557
95 4689 2668 1797 124297 152662 83160 32366 47359 46178 113422 55610 39982 39806 10633
120 4646 4559 2581 110907 205270 63652 82312 60568 38206 135012 110106 45728 70814 17608
73 4725 1342 1286 117985 99278 109219 8408 35845 49253 96438 23846 36397 22366 7576
62 4421 928 963 120048 74036 111788 4590 28011 50685 77937 13836 30843 14238 5156
117 4691 4413 2373 116735 206928 66804 80106 59787 40749 128548 102580 44553 62017 15427
112 4658 4020 2196 121464 196263 68882 68430 56282 42874 123949 90941 42131 55028 13521
134 4455 5803 3108 99453 228850 52390 123164 61975 32625 145183 151373 47266 93758 23789
117 4624 4179 2607 105287 196233 69913 69903 51918 36230 144287 100656 46014 69564 20007
97 4628 2700 1956 123641 148957 77870 31169 47531 44236 118799 58971 40735 45051 12249
93 4726 2327 1951 116664 137084 88670 22560 43766 42568 123792 50465 43192 43147 13594
84 4894 1797 1689 111073 120776 103969 13327 42718 45428 114678 36457 42656 34459 11041
118 4612 4218 2685 101912 198541 70854 69031 50715 35470 146795 104851 46419 72493 20541
71 4423 1252 1233 125601 89406 97298 7607 31190 49121 91892 21172 32966 21223 7153
101 4606 3218 1832 133368 168748 70836 47844 52596 46240 109572 66661 38544 41728 10417
111 4706 3699 2406 109904 183980 74798 55009 53422 38999 135502 88401 45667 61362 17043
124 4557 4829 2797 106049 209378 60022 89176 58378 35578 141749 121310 46314 78990 20648
56 3813 780 760 130313 60386 85865 3792 21308 50024 61229 10322 22742 10100 3506
120 4588 4310 2830 101611 194110 64735 68194 55932 34729 145146 112576 47426 78846 21224
112 4601 3825 2391 115733 186418 68816 59238 51863 39638 133279 90822 43644 61392 16468
124 4649 4817 2809 96776 216870 69178 88413 55572 34723 147317 121775 48248 78885 21051
119 4613 4649 2372 120889 210800 61206 90327 60022 40793 127134 104805 43178 63342 15345
118 4626 4278 2625 108879 196268 65436 71182 57223 37198 138476 105736 46026 71230 18768
100 4598 3139 1811 132304 167103 72241 46359 50331 46202 111069 63608 38184 41329 10404
107 4670 3446 2225 117498 174554 73579 49716 52311 41310 128464 78745 43690 55192 14832
125 4584 4920 2830 102008 213915 62833 92079 57565 34864 144205 124254 47583 80415 21002
109 4635 3536 2350 113909 177794 72630 50294 50740 39921 133676 83979 43815 59512 16149
96 4617 2683 1877 127084 148405 78145 32674 46708 44058 115932 56282 40431 41616 12308
117 4700 4527 2259 120498 211427 66045 87008 61493 42230 124325 100395 43231 58791 13936
103 4747 3188 2065 119661 167855 78594 43625 53347 43047 122525 71100 43560 48913 13213
107 4618 3515 2156 122813 177013 69757 52626 52546 42801 124349 78826 41527 53545 13488
120 4607 4463 2677 105837 202297 65900 78106 55646 36179 141940 109499 46352 73318 19917
124 4475 4691 2935 99720 205007 61718 82559 51228 33291 151008 120503 45977 83619 23443
122 4575 4954 2427 123271 216937 56169 99754 63540 41115 123768 114515 42895 66188 14783
94 4747 2339 2032 113428 138052 88496 21983 43610 41332 128767 51824 43716 45591 14646
118 4630 4552 2351 121986 208664 61382 85781 60761 41344 125432 104443 43046 61803 14889
130 4470 5400 2985 105150 218702 52878 106858 62095 34415 141182 141462 46278 87702 21738
47 3720 565 516 118212 49155 98100 2391 19838 52153 44961 6270 18664 5712 1842
119 4616 4772 2249 124466 219058 62031 98127 59036 41853 123710 102650 41924 58643 14399
118 4644 4239 2664 105579 197001 68156 68955 55755 36336 140407 106377 47215 72105 19479
51 4037 600 675 116405 51748 110369 2157 21247 52458 58426 7430 24591 8069 3169
115 4566 4247 2308 120955 200570 64832 76360 53331 40947 129080 95807 42106 59217 15521
107 4623 3425 2246 116642 174262 73960 49303 49009 40652 130504 78270 43627 55176 15736
112 4745 3893 2323 108727 195436 78779 62597 52796 40338 134691 90723 45488 58993 15607
55 4185 686 799 117963 57780 109609 2662 22612 51888 67730 8940 27628 10492 4141
112 4705 3776 2440 110332 183662 72288 56693 55889 39138 134813 90737 46001 63807 16683
85 4450 2077 1493 135393 124996 79637 21569 39946 47758 99108 38942 34902 29800 8459
139 4414 6012 3579 76500 228907 55798 121657 59822 26043 159527 172673 50527 113327 30332
98 4464 2849 1904 134759 152200 66903 36337 46379 43914 113746 60463 37152 43567 11729
129 4540 4942 3314 77879 211769 67444 84414 52379 27879 165159 137631 49717 99130 28329
101 4610 2981 2069 125402 156423 71769 36916 51301 43449 118387 67634 41794 49103 12997
43 3762 380 523 108016 35273 114097 969 15164 51782 48649 3817 21877 5039 2516
57 3828 914 682 127460 71037 92063 5940 22466 51483 57059 11648 20670 9154 2518
73 4629 1349 1279 120821 97647 105298 8831 33989 49366 95373 23519 36145 22248 7598
96 4665 2676 1884 123815 151547 80143 31042 47432 45316 116940 57806 39912 42806 11226
91 4689 2343 1752 123857 138668 85955 24482 45497 46079 112646 48601 39851 37879 10523
34 2973 283 278 101660 26857 86547 750 10909 46900 26652 2320 11391 2166 748
61 4363 929 901 121601 74057 108468 4869 28515 52070 72103 13499 29295 13206 4416
83 4615 1890 1513 125270 121318 91961 16767 39641 48097 104148 36511 36841 29767 8836
61 4259 927 903 124091 73648 102938 4710 26680 51477 72868 13672 27832 13219 4389
99 4532 3212 1639 138641 171179 70496 50820 50478 48200 102045 61363 34978 36378 8288
84 4582 1934 1552 128307 121495 86766 17463 40333 47316 104069 37558 37038 31083 9180
109 4723 3739 2147 122763 185903 70739 59424 58530 43196 120755 84518 43183 52765 13227
79 4597 1724 1357 124468 115183 98206 15218 36564 49446 98023 31053 36116 24988 7820
104 4635 3342 2014 125857 173270 72436 49123 51761 44024 119413 72711 40600 48093 12177
113 4634 3778 2550 109754 181914 68977 54739 54216 37860 136816 93908 45923 67325 18164
92 4645 2340 1846 123368 137586 82775 23279 44694 44707 116615 50103 39553 40557 11641
23 2255 125 128 79545 12928 72896 215 5836 38762 13240 649 5885 682 225
77 4485 1536 1390 126701 104492 91970 11012 34026 48255 98900 28216 34708 25732 8190
29 2812 182 224 91087 18286 91398 329 8407 45617 22470 1252 10583 1423 650
54 4057 714 717 120947 59849 104319 3107 23578 52529 59940 9287 24038 9233 3177
78 4539 1601 1402 123572 108578 96738 12619 34159 48060 101505 28977 35551 25865 8615
67 4324 1208 1003 129671 88429 97859 8239 30980 51563 77755 18906 28620 15991 4769
56 4162 749 791 120767 61900 106687 3208 24069 52151 66078 10087 26397 10648 3777
86 4528 2127 1528 132806 129615 82440 21512 41965 47961 101267 41721 35034 30690 8417
95 4579 2800 1665 134280 156847 76148 38057 47284 47133 106077 55070 36467 36089 9199
79 4685 1627 1454 121157 111353 100251 12391 37334 47628 103383 30255 38013 27596 8837
56 4241 747 793 117552 62765 113334 3258 24241 52410 67458 9990 27275 10584 3888
53 4177 677 701 116326 58214 114799 2767 23551 53132 60236 8679 25826 8868 3112
97 4605 2853 1803 129310 157383 77064 37382 47713 45970 112117 59237 38577 40415 10406
55 4106 710 775 120710 58558 105726 2966 22488 51888 64916 9357 26637 10018 3894
35 3169 262 333 101035 25473 97474 599 10590 48183 32267 2152 14413 2545 1249
101 4590 3162 1888 129787 166637 72149 45454 50383 45664 114103 66477 38747 43722 10997
104 4608 3428 1928 131947 175384 69425 53712 53248 44603 113498 71827 39623 44866 11699
61 4269 921 909 124619 72850 101935 4611 27392 51909 72340 13591 28083 13324 4464
84 4389 2165 1321 140722 129652 77714 25436 40831 49804 89435 37843 31769 25536 6469
85 4438 1964 1606 131441 118779 79983 17930 37951 46488 105467 38317 36322 32588 9935
46 3836 496 539 112661 44872 110264 1701 18605 52788 48548 5429 20995 5863 2187
101 4603 3225 1825 133005 172281 71643 47880 50878 46264 110729 66972 37767 41691 10107
99 4558 2958 1893 130583 158548 71249 38609 49221 45581 113506 63684 38094 43731 10825
45 3747 471 519 112426 42675 108060 1519 17885 52199 47063 5074 19680 5548 2049
37 3273 316 350 104289 30323 98911 860 12278 49090 33513 2723 14718 3034 1153
81 4364 1919 1321 137443 119152 80482 19346 37700 49562 90620 34279 31974 25005 6690
54 4109 695 736 118962 58494 108230 2885 22720 52074 62463 9100 25690 9285 3534
61 4242 963 867 125459 74857 100163 5483 27961 52385 69263 13877 27239 12614 4016
101 4665 3086 1964 125803 164312 74925 41640 52162 44730 116068 67396 40898 45802 11812
52 4114 650 676 116240 57003 114355 2621 22543 52240 59269 8141 24228 8355 2983
79 4548 1700 1381 124809 114315 96753 14597 34718 48464 99929 30784 35532 25541 8157
59 4333 840 871 118921 69484 112532 3964 26241 52171 72678 11819 28335 12350 4376
43 3640 434 469 111193 40072 105162 1354 16548 50963 43132 4519 18290 4694 1774
50 3869 615 610 119879 53095 100708 2562 21199 51939 52106 7285 20991 7264 2489
85 4542 2020 1550 127120 125193 88128 19685 38292 47278 105567 38894 37092 30817 9374
78 4577 1647 1356 127930 110363 93680 12969 38448 49730 95354 30494 34908 25277 7336
57 4280 800 796 119257 66208 111513 3782 25963 53097 66406 11017 27570 10620 3841
92 4801 2361 1825 117068 143239 91529 23852 46492 45221 117418 50595 41625 39744 11389
55 4037 751 734 122353 61633 101495 3481 23248 52358 60825 9894 24522 9572 3288
105 4701 3410 2050 123088 176651 74299 50403 54433 44106 120031 75249 41678 49523 12285
83 4873 1752 1651 111271 118887 105757 12863 41359 45634 114181 35068 41900 33187 10763
112 4634 3583 2633 105634 173367 70869 47937 52226 35765 141819 90307 47368 69705 19971
57 4301 777 819 117899 64479 112986 3428 25668 52916 68383 10701 28329 11049 4082
58 4435 781 872 115013 65501 120247 3313 26559 51800 73190 10831 30493 12135 4577
118 4708 4503 2400 113019 211375 69332 82676 58770 40437 131223 105442 45349 63436 15362
72 4354 1373 1183 131390 95152 90573 9813 32700 50243 85948 23245 31317 20181 6401
88 4458 2271 1557 137350 131152 75533 25455 43100 47527 100240 43381 35127 32179 8721
72 4350 1401 1155 132018 96249 90745 10503 33322 50719 84781 23399 30588 19763 5975
107 4776 3355 2316 107148 175523 81326 45123 51975 40035 135777 79363 45503 58180 15819
91 4622 2356 1739 125957 139061 84069 25345 43429 45844 112159 48256 38951 37137 10747
115 4565 3888 2667 109919 180235 63348 56568 54986 36724 138587 98651 45808 72338 19348
92 4712 2360 1826 119340 140152 88763 24355 44210 44940 118638 49807 40791 39721 11697
106 4737 3407 2158 115893 177184 78100 48438 53355 42738 126151 78029 43670 52956 13497
103 4585 3184 2069 127038 163674 69319 43959 50874 42964 120512 69915 40868 49877 13100
94 4724 2367 2004 114509 138010 88656 23108 44074 42062 126316 51661 43429 45118 14157
104 4667 3318 2038 125924 171669 71103 47289 54433 44505 118906 73766 40630 49037 12012
115 4565 3851 2704 108278 180564 64031 54477 53760 36218 140678 99180 45824 73372 19876
49 3919 550 626 115445 48849 109551 1892 19108 51271 55885 6429 22581 7316 2787
53 4024 698 680 119740 58954 105015 3182 22481 52293 57738 8765 23797 8522 2957
92 4659 2441 1745 125196 143437 84611 27138 44759 45957 112686 50320 39164 37636 10486
82 4555 1852 1469 128078 119245 89211 16430 38458 48366 100824 35163 35985 28544 8423
103 4686 3092 2161 118847 161872 75760 40075 51235 41493 126616 69954 43507 52159 14663
42 3585 398 463 109738 36807 105424 1104 15087 50484 42754 4028 18625 4552 1796
50 3967 585 640 116176 51270 108942 2282 19616 52297 56271 6890 23805 7454 2974
89 4570 2327 1589 130549 141378 82501 25692 42500 47360 103008 46424 36387 32525 8923
55 4347 695 790 113309 59582 122202 2769 24387 52976 68300 9128 29041 10272 4066
81 4208 1959 1281 145385 118351 70567 21012 37045 48747 85949 33987 29125 23751 6570
111 4583 3878 2227 123153 187928 66565 64505 53038 41492 125920 86728 42103 55731 14851
85 4642 1911 1659 122193 121012 91723 16211 39485 45949 111768 38097 39089 33786 10676
44 3588 473 473 114193 42457 97677 1708 17150 51472 42447 4924 17540 4894 1718
64 4015 1127 889 134334 81071 87613 7895 26345 50666 69238 16423 24973 13343 4003
46 3844 505 530 111857 46208 112660 1881 18347 52189 48796 5465 20641 5647 2187
86 4566 2077 1578 128678 127304 86261 20694 40164 46932 106210 40158 37134 32070 9418
53 4237 651 727 114525 56604 119518 2526 23196 52790 63256 8244 27036 9135 3521
87 4513 2195 1546 131822 130918 82516 23836 41090 47698 103924 41677 35548 31713 8769
86 4738 2033 1622 120840 129274 94262 18497 43269 47378 108826 40946 39046 33389 9508
107 4595 3671 2000 130087 183983 68068 60426 53554 44316 115721 78142 40129 47893 12024
86 4601 2055 1600 126654 125688 87772 19898 40945 47101 107853 40227 37827 32472 9743
83 4613 1831 1572 122251 118901 94408 15513 36835 46289 109653 35566 38021 30640 10162
65 4602 1056 1024 116895 83463 116900 6047 31408 51621 82231 16276 33009 15835 5522
79 5085 1449 1632 100747 105492 123598 8416 39618 42978 119212 27750 46345 30825 12088
75 4722 1378 1397 115996 99638 108787 8605 34683 47662 103788 24917 38318 24945 9058
50 4016 612 613 115965 53708 110967 2497 21713 53108 53850 7355 22900 7175 2573
61 4311 973 857 124310 77039 104612 5574 28903 52592 69063 14179 27376 12327 3910
113 4720 3606 2722 96420 176760 76322 47771 52674 34178 148934 91999 48799 72955 21411
48 3739 606 522 119414 52756 99084 2723 19852 51520 45843 6854 18715 5999 1720
30 2843 200 235 92458 20081 91903 442 8442 46005 23456 1345 11013 1584 689
95 4664 2518 1947 119294 143442 83705 27275 44539 43542 122002 54057 41947 44235 12848
95 4628 2632 1833 126439 148915 79233 30861 46542 45383 114043 55749 39495 40695 11110
77 4491 1582 1344 128569 104262 93021 12653 35180 48873 96712 28056 34991 24579 7862
73 4770 1292 1336 114382 95781 112339 7714 34688 48065 100267 22645 39008 23300 8537
26 2440 144 181 85743 14487 76880 233 5947 40557 18319 864 8150 1029 474
55 4268 741 744 117564 62623 115511 3410 25521 53462 62941 9624 26933 9795 3406
69 4718 1170 1176 116231 89571 115736 6657 34330 50306 90753 19532 35920 19355 6850
35 3260 263 332 99668 25686 103984 564 11547 49610 32286 2214 14887 2559 1208
73 4679 1337 1291 119355 97193 107824 8391 35527 49886 95387 23392 36627 22970 7443
49 4116 581 595 112221 52173 120052 2236 22529 54430 53525 6873 23406 6853 2462
57 4334 728 868 116449 60618 115913 2879 24220 52015 72660 9861 30493 11681 4839
45 3830 456 534 111390 41200 111223 1418 17857 52775 48228 4859 21689 5636 2277
58 3847 908 745 131562 68407 86821 5403 23487 50977 60322 12177 21788 10285 2991
58 4126 826 827 124685 66378 101178 3988 24347 51896 67274 11408 26418 11476 3984
55 4016 733 752 122601 60324 99706 3261 22432 51956 62162 9604 24757 9858 3512
51 4071 606 669 116017 53223 112233 2329 21318 52500 58351 7313 24670 8081 3102
52 4036 657 669 118512 56022 107454 2751 22087 52884 58040 8182 23800 8233 2934
78 4527 1646 1357 127030 110696 94190 13613 35423 48762 97031 29532 35003 25193 7738
97 4552 2905 1751 134482 158212 72961 39538 48214 46355 107512 59283 37420 38795 9824
62 4435 979 912 120625 78589 112006 5317 29519 52649 74226 14660 29341 13469 4374
22 2220 95 136 77015 9862 73183 119 4523 38409 14164 447 6774 649 325
52 3754 700 626 122487 57739 94738 3474 19650 50989 53621 8475 20397 7628 2523
90 4570 2412 1593 133232 140266 80144 28124 45372 48055 102588 47319 36566 33246 8791
28 2717 130 248 89318 13062 87898 132 5796 43957 25277 793 11714 1398 953
63 4462 986 967 120473 78199 111523 5214 29555 51689 77679 14921 30828 14662 4914
25 2471 106 194 82966 10972 82288 122 4767 40991 19956 550 9421 972 656
37 3235 318 348 104924 30012 95526 897 11992 49011 33228 2762 14618 2915 1196
42 3582 384 477 109706 35743 105336 1032 14580 50101 44119 3785 18920 4694 1969
46 3365 577 458 123415 47154 82602 2792 17027 48875 39979 6044 15119 4924 1420
14 1449 45 46 55045 4916 48943 41 2255 26778 4983 154 2214 109 60
65 4134 1172 908 130277 85171 94321 8585 27549 51481 71885 17154 26211 13773 4168
34 3023 261 300 100353 24923 91451 654 10133 47016 29046 2040 12762 2310 980
41 3538 381 439 108256 35367 105420 1185 14789 50830 41159 3593 17708 4118 1764
26 2559 141 184 84874 14313 85112 226 6324 42653 18744 835 9135 1036 503
51 3647 670 605 121667 54485 93498 3406 17529 50468 52683 7691 20062 7230 2498
92 4582 2489 1697 130018 142309 79930 29748 44621 46258 109083 49099 38164 36568 10165
37 3270 341 325 105904 32231 95487 1065 13738 49608 30807 2978 13603 2784 943
8 749 11 17 33502 1143 22322 1 435 13938 1836 21 697 21 13
45 3936 456 534 108709 42159 119591 1432 18369 53752 49405 4828 22441 5656 2274
35 3144 278 317 101493 27016 95198 683 11120 47764 30874 2254 13383 2617 991
16 1627 58 62 60988 6222 53625 57 2706 29839 6639 216 3066 209 78
25 2453 138 162 83695 14314 80533 215 6181 41015 16706 820 7745 889 376
32 3029 235 261 95744 23128 97228 555 10297 47385 25785 1746 12196 1893 766
50 4111 598 627 112696 53686 119563 2288 21982 52944 56259 7216 23765 7408 2688
39 3345 338 403 106671 31839 98879 940 12515 48859 38279 3065 15981 3556 1578
19 1994 66 105 68678 7057 68646 64 3388 35949 10985 263 5537 404 238
29 2694 181 225 92246 17907 82274 364 7645 44221 22465 1156 9885 1483 651
45 3735 491 499 113089 44443 106677 1758 17893 52174 44985 5275 19563 5289 1868
35 3082 293 302 102416 27952 92217 783 11227 47806 29322 2457 12530 2406 899
19 1954 74 97 68616 7888 66729 89 3514 34516 10368 314 4944 363 203
18 1874 67 86 66090 7142 63772 81 3195 34103 9172 264 4577 301 170
33 2989 230 298 98678 22403 91804 511 9186 45960 29263 1696 12805 2205 1044
20 2055 94 96 71914 9971 69966 152 4686 36259 10092 419 4805 398 171
23 2256 116 137 79099 11982 73836 162 5494 38338 14122 627 6270 696 286
13 1439 30 48 50922 3337 51829 23 1584 27776 5309 68 2727 125 70
21 2184 64 146 73422 6943 75692 46 3100 37800 15483 284 7527 510 490
13 1407 37 41 51299 4086 48957 28 1984 27115 4434 105 2198 113 40
33 3115 226 302 96773 22352 100202 447 9970 47824 29844 1721 13772 2223 1065
10 1145 14 31 40694 1589 42767 4 796 22653 3416 24 1854 52 40
16 1641 66 54 61159 7043 55025 106 3182 29684 5816 213 2696 180 61
2 193 0 1 9054 0 5540 0 0 3858 111 0 41 0 0
5 538 2 8 21739 231 17769 0 100 11548 863 0 429 6 4
5 544 2 8 22086 232 18084 0 100 11352 840 1 452 4 5
124 4631 5182 2444 121809 228004 57566 108959 64568 40330 126277 119982 43098 65363 15820
1 110 0 0 4583 0 3768 0 0 2227 0 0 0 0 0
